<?xml version="1.0" encoding="utf-8"?><testsuites name="pytest tests"><testsuite name="pytest" errors="0" failures="0" skipped="0" tests="12" time="6.289" timestamp="2026-04-08T02:07:23.666164+00:00" hostname="agent-env-fc56e3df-a996-4aaf-87b9-49f89e9ddabc"><testcase classname="backend.tests.test_xls_support.TestXLSUploadBrand" name="test_xlsx_upload_success" time="0.548" /><testcase classname="backend.tests.test_xls_support.TestXLSUploadBrand" name="test_csv_upload_still_works" time="0.450" /><testcase classname="backend.tests.test_xls_support.TestXLSUploadBrand" name="test_txt_file_rejected" time="0.431" /><testcase classname="backend.tests.test_xls_support.TestXLSUploadBrand" name="test_pdf_file_rejected" time="0.442" /><testcase classname="backend.tests.test_xls_support.TestXLSUploadAdmin" name="test_admin_xlsx_upload_for_brand" time="0.624" /><testcase classname="backend.tests.test_xls_support.TestXLSUploadAdmin" name="test_admin_txt_file_rejected" time="0.546" /><testcase classname="backend.tests.test_xls_support.TestXLSReportDisplay" name="test_xlsx_report_has_correct_columns" time="0.636" /><testcase classname="backend.tests.test_xls_support.TestXLSReportDisplay" name="test_xlsx_report_metrics_extracted" time="0.439" /><testcase classname="backend.tests.test_xls_support.TestAllowedExtensions" name="test_csv_extension_allowed" time="0.461" /><testcase classname="backend.tests.test_xls_support.TestAllowedExtensions" name="test_xlsx_extension_allowed" time="0.498" /><testcase classname="backend.tests.test_xls_support.TestAllowedExtensions" name="test_xls_extension_allowed" time="0.644" /><testcase classname="backend.tests.test_xls_support.TestAllowedExtensions" name="test_json_extension_rejected" time="0.483" /></testsuite></testsuites>