<?xml version="1.0" encoding="utf-8"?><testsuites name="pytest tests"><testsuite name="pytest" errors="0" failures="0" skipped="0" tests="15" time="6.656" timestamp="2026-04-06T19:16:59.709388+00:00" hostname="agent-env-fc56e3df-a996-4aaf-87b9-49f89e9ddabc"><testcase classname="backend.tests.test_c2c_platform.TestAuthentication" name="test_admin_login_success" time="0.498" /><testcase classname="backend.tests.test_c2c_platform.TestAuthentication" name="test_brand_login_success" time="0.377" /><testcase classname="backend.tests.test_c2c_platform.TestAuthentication" name="test_publisher_login_success" time="0.372" /><testcase classname="backend.tests.test_c2c_platform.TestAuthentication" name="test_login_invalid_credentials" time="0.125" /><testcase classname="backend.tests.test_c2c_platform.TestBrandMyPublishers" name="test_get_my_publishers" time="0.619" /><testcase classname="backend.tests.test_c2c_platform.TestBrandMyPublishers" name="test_my_publishers_requires_auth" time="0.123" /><testcase classname="backend.tests.test_c2c_platform.TestBrandPublisherContent" name="test_get_publisher_content" time="0.547" /><testcase classname="backend.tests.test_c2c_platform.TestBrandPublisherContent" name="test_content_sorted_by_date_descending" time="0.542" /><testcase classname="backend.tests.test_c2c_platform.TestBrandPublisherContent" name="test_content_has_five_unique_dates" time="0.476" /><testcase classname="backend.tests.test_c2c_platform.TestBrandPublisherContent" name="test_content_date_distribution" time="0.470" /><testcase classname="backend.tests.test_c2c_platform.TestBrandPublisherContent" name="test_content_requires_auth" time="0.575" /><testcase classname="backend.tests.test_c2c_platform.TestAdminDashboard" name="test_admin_dashboard_stats" time="0.479" /><testcase classname="backend.tests.test_c2c_platform.TestAdminDashboard" name="test_admin_get_all_users" time="0.478" /><testcase classname="backend.tests.test_c2c_platform.TestPublisherDashboard" name="test_publisher_my_brands" time="0.452" /><testcase classname="backend.tests.test_c2c_platform.TestPublisherDashboard" name="test_publisher_campaigns" time="0.456" /></testsuite></testsuites>