<?xml version="1.0" encoding="utf-8"?><testsuites name="pytest tests"><testsuite name="pytest" errors="0" failures="0" skipped="0" tests="16" time="7.438" timestamp="2026-04-08T00:00:43.570819+00:00" hostname="agent-env-fc56e3df-a996-4aaf-87b9-49f89e9ddabc"><testcase classname="backend.tests.test_csv_reports.TestAuthentication" name="test_skyscanner_brand_login" time="0.527" /><testcase classname="backend.tests.test_csv_reports.TestAuthentication" name="test_publisher_login" time="0.374" /><testcase classname="backend.tests.test_csv_reports.TestAuthentication" name="test_admin_login" time="0.340" /><testcase classname="backend.tests.test_csv_reports.TestAuthentication" name="test_amazon_brand_login" time="0.365" /><testcase classname="backend.tests.test_csv_reports.TestBrandCSVReports" name="test_brand_reports_endpoint" time="0.469" /><testcase classname="backend.tests.test_csv_reports.TestBrandCSVReports" name="test_csv_report_has_all_12_columns" time="0.440" /><testcase classname="backend.tests.test_csv_reports.TestBrandCSVReports" name="test_csv_report_has_row_data" time="0.487" /><testcase classname="backend.tests.test_csv_reports.TestBrandCSVReports" name="test_csv_report_filename" time="0.471" /><testcase classname="backend.tests.test_csv_reports.TestBrandCSVReports" name="test_csv_report_metrics_extracted" time="0.458" /><testcase classname="backend.tests.test_csv_reports.TestPublisherBrandReports" name="test_publisher_can_see_skyscanner_reports" time="0.470" /><testcase classname="backend.tests.test_csv_reports.TestPublisherBrandReports" name="test_publisher_sees_csv_columns_for_skyscanner" time="0.458" /><testcase classname="backend.tests.test_csv_reports.TestAdminBrandReports" name="test_admin_can_see_all_brands" time="0.488" /><testcase classname="backend.tests.test_csv_reports.TestAdminBrandReports" name="test_admin_sees_skyscanner_csv_report" time="0.456" /><testcase classname="backend.tests.test_csv_reports.TestAdminBrandReports" name="test_admin_upload_csv_for_brand" time="0.542" /><testcase classname="backend.tests.test_csv_reports.TestAmazonTMOEBackwardCompatibility" name="test_amazon_reports_endpoint" time="0.447" /><testcase classname="backend.tests.test_csv_reports.TestAmazonTMOEBackwardCompatibility" name="test_amazon_legacy_reports_have_metrics" time="0.433" /></testsuite></testsuites>