<?xml version="1.0" encoding="utf-8"?><testsuites name="pytest tests"><testsuite name="pytest" errors="0" failures="0" skipped="0" tests="15" time="6.032" timestamp="2026-04-07T10:36:30.020571+00:00" hostname="agent-env-fc56e3df-a996-4aaf-87b9-49f89e9ddabc"><testcase classname="backend.tests.test_brand_reports.TestBrandReportsAuth" name="test_reports_requires_auth" time="0.234" /><testcase classname="backend.tests.test_brand_reports.TestBrandReportsAuth" name="test_reports_summary_requires_auth" time="0.102" /><testcase classname="backend.tests.test_brand_reports.TestBrandReportsAuth" name="test_csv_upload_requires_auth" time="0.104" /><testcase classname="backend.tests.test_brand_reports.TestBrandReportsListing" name="test_get_reports_success" time="0.483" /><testcase classname="backend.tests.test_brand_reports.TestBrandReportsListing" name="test_reports_structure" time="0.428" /><testcase classname="backend.tests.test_brand_reports.TestBrandReportsSummary" name="test_get_summary_success" time="0.434" /><testcase classname="backend.tests.test_brand_reports.TestBrandReportsSummary" name="test_summary_has_non_zero_values" time="0.441" /><testcase classname="backend.tests.test_brand_reports.TestCSVUpload" name="test_csv_upload_success" time="0.434" /><testcase classname="backend.tests.test_brand_reports.TestCSVUpload" name="test_csv_upload_rejects_non_csv" time="0.434" /><testcase classname="backend.tests.test_brand_reports.TestCSVUpload" name="test_csv_upload_empty_file" time="0.427" /><testcase classname="backend.tests.test_brand_reports.TestClearReports" name="test_delete_all_reports" time="0.737" /><testcase classname="backend.tests.test_brand_reports.TestOtherPortalsStillWork" name="test_admin_login_still_works" time="0.328" /><testcase classname="backend.tests.test_brand_reports.TestOtherPortalsStillWork" name="test_publisher_login_still_works" time="0.343" /><testcase classname="backend.tests.test_brand_reports.TestOtherPortalsStillWork" name="test_admin_dashboard_still_works" time="0.450" /><testcase classname="backend.tests.test_brand_reports.TestOtherPortalsStillWork" name="test_publisher_campaigns_still_works" time="0.421" /></testsuite></testsuites>