<?xml version="1.0" encoding="utf-8"?><testsuites name="pytest tests"><testsuite name="pytest" errors="0" failures="0" skipped="0" tests="12" time="6.228" timestamp="2026-04-08T00:24:35.388938+00:00" hostname="agent-env-fc56e3df-a996-4aaf-87b9-49f89e9ddabc"><testcase classname="backend.tests.test_xls_support.TestXLSUploadBrand" name="test_xlsx_upload_success" time="0.575" /><testcase classname="backend.tests.test_xls_support.TestXLSUploadBrand" name="test_csv_upload_still_works" time="0.492" /><testcase classname="backend.tests.test_xls_support.TestXLSUploadBrand" name="test_txt_file_rejected" time="0.474" /><testcase classname="backend.tests.test_xls_support.TestXLSUploadBrand" name="test_pdf_file_rejected" time="0.484" /><testcase classname="backend.tests.test_xls_support.TestXLSUploadAdmin" name="test_admin_xlsx_upload_for_brand" time="0.624" /><testcase classname="backend.tests.test_xls_support.TestXLSUploadAdmin" name="test_admin_txt_file_rejected" time="0.558" /><testcase classname="backend.tests.test_xls_support.TestXLSReportDisplay" name="test_xlsx_report_has_correct_columns" time="0.560" /><testcase classname="backend.tests.test_xls_support.TestXLSReportDisplay" name="test_xlsx_report_metrics_extracted" time="0.451" /><testcase classname="backend.tests.test_xls_support.TestAllowedExtensions" name="test_csv_extension_allowed" time="0.456" /><testcase classname="backend.tests.test_xls_support.TestAllowedExtensions" name="test_xlsx_extension_allowed" time="0.458" /><testcase classname="backend.tests.test_xls_support.TestAllowedExtensions" name="test_xls_extension_allowed" time="0.458" /><testcase classname="backend.tests.test_xls_support.TestAllowedExtensions" name="test_json_extension_rejected" time="0.467" /></testsuite></testsuites>