<?xml version="1.0" encoding="utf-8"?><testsuites name="pytest tests"><testsuite name="pytest" errors="0" failures="0" skipped="0" tests="15" time="6.094" timestamp="2026-04-06T18:59:03.131659+00:00" hostname="agent-env-fc56e3df-a996-4aaf-87b9-49f89e9ddabc"><testcase classname="backend.tests.test_c2c_platform.TestAuthentication" name="test_admin_login_success" time="0.452" /><testcase classname="backend.tests.test_c2c_platform.TestAuthentication" name="test_brand_login_success" time="0.335" /><testcase classname="backend.tests.test_c2c_platform.TestAuthentication" name="test_publisher_login_success" time="0.333" /><testcase classname="backend.tests.test_c2c_platform.TestAuthentication" name="test_login_invalid_credentials" time="0.110" /><testcase classname="backend.tests.test_c2c_platform.TestBrandMyPublishers" name="test_get_my_publishers" time="0.495" /><testcase classname="backend.tests.test_c2c_platform.TestBrandMyPublishers" name="test_my_publishers_requires_auth" time="0.149" /><testcase classname="backend.tests.test_c2c_platform.TestBrandPublisherContent" name="test_get_publisher_content" time="0.494" /><testcase classname="backend.tests.test_c2c_platform.TestBrandPublisherContent" name="test_content_sorted_by_date_descending" time="0.476" /><testcase classname="backend.tests.test_c2c_platform.TestBrandPublisherContent" name="test_content_has_five_unique_dates" time="0.517" /><testcase classname="backend.tests.test_c2c_platform.TestBrandPublisherContent" name="test_content_date_distribution" time="0.475" /><testcase classname="backend.tests.test_c2c_platform.TestBrandPublisherContent" name="test_content_requires_auth" time="0.116" /><testcase classname="backend.tests.test_c2c_platform.TestAdminDashboard" name="test_admin_dashboard_stats" time="0.469" /><testcase classname="backend.tests.test_c2c_platform.TestAdminDashboard" name="test_admin_get_all_users" time="0.434" /><testcase classname="backend.tests.test_c2c_platform.TestPublisherDashboard" name="test_publisher_my_brands" time="0.495" /><testcase classname="backend.tests.test_c2c_platform.TestPublisherDashboard" name="test_publisher_campaigns" time="0.450" /></testsuite></testsuites>